  ActionAddBuzzer.cpp
  ActionAddGround.cpp
  ActionAddModule.cpp
  ActionAddSwitch.cpp
  ActionDisSelection.cpp
  ActionEditLabel.cpp
  ActionLoad.cpp
  ActionSave.cpp
  ActionSelection.cpp
C:\Users\SE7EN\Desktop\CIE_202_Project_CIRCUIT_SIMULATOR\ActionSelection.cpp(50,19): warning C4553: '==': result of expression not used; did you intend '='?
  ActionAddBattery.cpp
  ActionAddBulb.cpp
  ActionAddConnection.cpp
C:\Users\SE7EN\Desktop\CIE_202_Project_CIRCUIT_SIMULATOR\Actions\ActionAddConnection.cpp(1,10): warning C4067: unexpected tokens following preprocessor directive - expected a newline
  ActionAddFuse.cpp
  ActionAddRes.cpp
  ApplicationManager.cpp
  CMUgraphics.cpp
C:\Users\SE7EN\Desktop\CIE_202_Project_CIRCUIT_SIMULATOR\CMUgraphicsLib\CMUgraphics.cpp(257,9): warning C4101: 'iX': unreferenced local variable
C:\Users\SE7EN\Desktop\CIE_202_Project_CIRCUIT_SIMULATOR\CMUgraphicsLib\CMUgraphics.cpp(257,13): warning C4101: 'iY': unreferenced local variable
C:\Users\SE7EN\Desktop\CIE_202_Project_CIRCUIT_SIMULATOR\CMUgraphicsLib\CMUgraphics.cpp(1357,23): warning C4018: '>': signed/unsigned mismatch
  colors.cpp
  image.cpp
C:\Users\SE7EN\Desktop\CIE_202_Project_CIRCUIT_SIMULATOR\CMUgraphicsLib\image.cpp(115,29): warning C4018: '<': signed/unsigned mismatch
  keyqueue.cpp
  mousequeue.cpp
  Generating Code...
C:\Users\SE7EN\Desktop\CIE_202_Project_CIRCUIT_SIMULATOR\ApplicationManager.cpp(182): warning C4715: 'ApplicationManager::ValidateCircuit': not all control paths return a value
C:\Users\SE7EN\Desktop\CIE_202_Project_CIRCUIT_SIMULATOR\ApplicationManager.cpp(155): warning C4715: 'ApplicationManager::GetComponentByCordinates': not all control paths return a value
  Compiling...
  windowinput.cpp
  battery.cpp
  Bulb.cpp
  Buzzer.cpp
  Component.cpp
  Fuse.cpp
  Ground.cpp
  Resistor.cpp
  Switch.cpp
  Connection.cpp
  main.cpp
  Module.cpp
  UI.cpp
  Generating Code...
  jpegload.c
  jcomapi.c
  jcparam.c
  jdapimin.c
  jdapistd.c
  jdatasrc.c
  jdcoefct.c
  jdcolor.c
  jddctmgr.c
  jdhuff.c
  jdinput.c
  jdmainct.c
  jdmarker.c
  jdmaster.c
  jdmerge.c
  jdphuff.c
  jdpostct.c
  jdsample.c
  jdtrans.c
  jerror.c
C:\Users\SE7EN\Desktop\CIE_202_Project_CIRCUIT_SIMULATOR\CMUgraphicsLib\jpeg\jerror.c(169,30): warning C4047: 'function': 'const size_t' differs in levels of indirection from 'const char *'
C:\Users\SE7EN\Desktop\CIE_202_Project_CIRCUIT_SIMULATOR\CMUgraphicsLib\jpeg\jerror.c(169,23): warning C4024: 'sprintf_s': different types for formal and actual parameter 2
C:\Users\SE7EN\Desktop\CIE_202_Project_CIRCUIT_SIMULATOR\CMUgraphicsLib\jpeg\jerror.c(171,30): warning C4047: 'function': 'const size_t' differs in levels of indirection from 'const char *'
C:\Users\SE7EN\Desktop\CIE_202_Project_CIRCUIT_SIMULATOR\CMUgraphicsLib\jpeg\jerror.c(171,23): warning C4024: 'sprintf_s': different types for formal and actual parameter 2
C:\Users\SE7EN\Desktop\CIE_202_Project_CIRCUIT_SIMULATOR\CMUgraphicsLib\jpeg\jerror.c(172,24): warning C4047: 'function': 'const char *const ' differs in levels of indirection from 'int'
C:\Users\SE7EN\Desktop\CIE_202_Project_CIRCUIT_SIMULATOR\CMUgraphicsLib\jpeg\jerror.c(172,21): warning C4024: 'sprintf_s': different types for formal and actual parameter 3
  Generating Code...
  Compiling...
  jidctflt.c
  jidctfst.c
  jidctint.c
  jidctred.c
  jmemmgr.c
  jmemnobs.c
  jquant1.c
  jquant2.c
  jutils.c
  Generating Code...
  CIE202-Proj.vcxproj -> C:\Users\SE7EN\Desktop\CIE_202_Project_CIRCUIT_SIMULATOR\x64\Debug\CIE202-Proj.exe
