c:\users\se7en\desktop\cie_202_project_circuit_simulator\x64\debug\vc142.pdb
c:\users\se7en\desktop\cie_202_project_circuit_simulator\x64\debug\vc142.idb
c:\users\se7en\desktop\cie_202_project_circuit_simulator\x64\debug\mousequeue.obj
c:\users\se7en\desktop\cie_202_project_circuit_simulator\x64\debug\keyqueue.obj
c:\users\se7en\desktop\cie_202_project_circuit_simulator\x64\debug\image.obj
c:\users\se7en\desktop\cie_202_project_circuit_simulator\x64\debug\colors.obj
c:\users\se7en\desktop\cie_202_project_circuit_simulator\x64\debug\cmugraphics.obj
c:\users\se7en\desktop\cie_202_project_circuit_simulator\x64\debug\applicationmanager.obj
c:\users\se7en\desktop\cie_202_project_circuit_simulator\x64\debug\actionaddres.obj
c:\users\se7en\desktop\cie_202_project_circuit_simulator\x64\debug\actionaddfuse.obj
c:\users\se7en\desktop\cie_202_project_circuit_simulator\x64\debug\actionaddconnection.obj
c:\users\se7en\desktop\cie_202_project_circuit_simulator\x64\debug\actionaddbulb.obj
c:\users\se7en\desktop\cie_202_project_circuit_simulator\x64\debug\actionaddbattery.obj
c:\users\se7en\desktop\cie_202_project_circuit_simulator\x64\debug\actionselection.obj
c:\users\se7en\desktop\cie_202_project_circuit_simulator\x64\debug\actionsave.obj
c:\users\se7en\desktop\cie_202_project_circuit_simulator\x64\debug\actionload.obj
c:\users\se7en\desktop\cie_202_project_circuit_simulator\x64\debug\actioneditlabel.obj
c:\users\se7en\desktop\cie_202_project_circuit_simulator\x64\debug\actiondisselection.obj
c:\users\se7en\desktop\cie_202_project_circuit_simulator\x64\debug\actionaddswitch.obj
c:\users\se7en\desktop\cie_202_project_circuit_simulator\x64\debug\actionaddground.obj
c:\users\se7en\desktop\cie_202_project_circuit_simulator\x64\debug\actionaddbuzzer.obj
c:\users\se7en\desktop\cie_202_project_circuit_simulator\x64\debug\ui.obj
c:\users\se7en\desktop\cie_202_project_circuit_simulator\x64\debug\module.obj
c:\users\se7en\desktop\cie_202_project_circuit_simulator\x64\debug\main.obj
c:\users\se7en\desktop\cie_202_project_circuit_simulator\x64\debug\connection.obj
c:\users\se7en\desktop\cie_202_project_circuit_simulator\x64\debug\switch.obj
c:\users\se7en\desktop\cie_202_project_circuit_simulator\x64\debug\resistor.obj
c:\users\se7en\desktop\cie_202_project_circuit_simulator\x64\debug\ground.obj
c:\users\se7en\desktop\cie_202_project_circuit_simulator\x64\debug\fuse.obj
c:\users\se7en\desktop\cie_202_project_circuit_simulator\x64\debug\component.obj
c:\users\se7en\desktop\cie_202_project_circuit_simulator\x64\debug\buzzer.obj
c:\users\se7en\desktop\cie_202_project_circuit_simulator\x64\debug\bulb.obj
c:\users\se7en\desktop\cie_202_project_circuit_simulator\x64\debug\battery.obj
c:\users\se7en\desktop\cie_202_project_circuit_simulator\x64\debug\windowinput.obj
c:\users\se7en\desktop\cie_202_project_circuit_simulator\x64\debug\cie202-proj.tlog\cl.command.1.tlog
c:\users\se7en\desktop\cie_202_project_circuit_simulator\x64\debug\cie202-proj.tlog\cl.read.1.tlog
c:\users\se7en\desktop\cie_202_project_circuit_simulator\x64\debug\cie202-proj.tlog\cl.write.1.tlog
